<?xml version="1.0" encoding="UTF-8"?>
<!-- Generated by org.testng.reporters.JUnitReportReporter -->
<testsuite hostname="asda1713po02529" name="TEST.TestFromRestfulPage" tests="2" failures="0" timestamp="1 Aug 2018 07:10:39 GMT" time="2.716" errors="0">
  <testcase name="Step1_RestfulPAgeTest" time="0.595" classname="TEST.TestFromRestfulPage"/>
  <testcase name="Step2_FileHandleTest" time="2.121" classname="TEST.TestFromRestfulPage"/>
</testsuite> <!-- TEST.TestFromRestfulPage -->
